#
# There is insufficient memory for the Java Runtime Environment to continue.
# Native memory allocation (malloc) failed to allocate 363904 bytes for Chunk::new
# Possible reasons:
#   The system is out of physical RAM or swap space
#   The process is running with CompressedOops enabled, and the Java Heap may be blocking the growth of the native heap
# Possible solutions:
#   Reduce memory load on the system
#   Increase physical memory or swap space
#   Check if swap backing store is full
#   Decrease Java heap size (-Xmx/-Xms)
#   Decrease number of Java threads
#   Decrease Java thread stack sizes (-Xss)
#   Set larger code cache with -XX:ReservedCodeCacheSize=
#   JVM is running with Unscaled Compressed Oops mode in which the Java heap is
#     placed in the first 4GB address space. The Java Heap base address is the
#     maximum limit for the native heap growth. Please use -XX:HeapBaseMinAddress
#     to set the Java Heap base and to place the Java Heap above 4GB virtual address.
# This output file may be truncated or incomplete.
#
#  Out of Memory Error (./open/src/hotspot/share/memory/arena.cpp:195), pid=6724, tid=6900
#
# JRE version: Java(TM) SE Runtime Environment (15.0.2+7) (build 15.0.2+7-27)
# Java VM: Java HotSpot(TM) 64-Bit Server VM (15.0.2+7-27, mixed mode, sharing, tiered, compressed oops, g1 gc, windows-amd64)
# No core dump will be written. Minidumps are not enabled by default on client versions of Windows
#

---------------  S U M M A R Y ------------

Command Line: -Djava.net.preferIPv4Stack=true D:\AutomationTest\Selenium\demo_selenium\target\surefire\surefirebooter10093393345765671992.jar D:\AutomationTest\Selenium\demo_selenium\target\surefire\surefire7200628087496035330tmp D:\AutomationTest\Selenium\demo_selenium\target\surefire\surefire_07098612859715341693tmp

Host: Intel(R) Core(TM) i5-7200U CPU @ 2.50GHz, 4 cores, 3G,  Windows 10 , 64 bit Build 19041 (10.0.19041.1741)
Time: Sun Jul  3 17:19:19 2022 SE Asia Standard Time elapsed time: 9.664622 seconds (0d 0h 0m 9s)

---------------  T H R E A D  ---------------

Current thread (0x0000026bad4f8900):  JavaThread "C2 CompilerThread0" daemon [_thread_in_native, id=6900, stack(0x000000eb00d00000,0x000000eb00e00000)]


Current CompileTask:
C2:   9664 2641   !   4       java.util.zip.InflaterInputStream::read (138 bytes)

Stack: [0x000000eb00d00000,0x000000eb00e00000]
Native frames: (J=compiled Java code, j=interpreted, Vv=VM code, C=native code)
V  [jvm.dll+0x62ae9a]
V  [jvm.dll+0x7817a9]
V  [jvm.dll+0x782f03]
V  [jvm.dll+0x783563]
V  [jvm.dll+0x216325]
V  [jvm.dll+0x97f3a]
V  [jvm.dll+0x9861c]
V  [jvm.dll+0x32e305]
V  [jvm.dll+0x18e3b1]
V  [jvm.dll+0x1ea822]
V  [jvm.dll+0x1e996e]
V  [jvm.dll+0x178567]
V  [jvm.dll+0x1f9225]
V  [jvm.dll+0x1f72cc]
V  [jvm.dll+0x74495d]
V  [jvm.dll+0x73d75a]
V  [jvm.dll+0x629c56]
C  [ucrtbase.dll+0x21bb2]
C  [KERNEL32.DLL+0x17034]
C  [ntdll.dll+0x52651]


---------------  P R O C E S S  ---------------

Threads class SMR info:
_java_thread_list=0x0000026baea451c0, length=31, elements={
0x0000026b91162300, 0x0000026bad4d7bb0, 0x0000026bad4d8780, 0x0000026bad4f35a0,
0x0000026bad4f7070, 0x0000026bad4f7b20, 0x0000026bad4f8900, 0x0000026bad4fc9a0,
0x0000026bad5073b0, 0x0000026bad7487f0, 0x0000026bad75d3c0, 0x0000026bad7ad300,
0x0000026bad7c58d0, 0x0000026bae050840, 0x0000026bae0e37d0, 0x0000026bae86d400,
0x0000026bae86d8d0, 0x0000026bae1f8100, 0x0000026bae86dda0, 0x0000026bae941370,
0x0000026bae942b80, 0x0000026bae941840, 0x0000026bae943050, 0x0000026bae93fb60,
0x0000026bae9409d0, 0x0000026bae941d10, 0x0000026bae940ea0, 0x0000026bae943520,
0x0000026bae940030, 0x0000026bae940500, 0x0000026bae9421e0
}

Java Threads: ( => current thread )
  0x0000026b91162300 JavaThread "main" [_thread_in_native_trans, id=3396, stack(0x000000eb00100000,0x000000eb00200000)]
  0x0000026bad4d7bb0 JavaThread "Reference Handler" daemon [_thread_blocked, id=7916, stack(0x000000eb00800000,0x000000eb00900000)]
  0x0000026bad4d8780 JavaThread "Finalizer" daemon [_thread_blocked, id=12496, stack(0x000000eb00900000,0x000000eb00a00000)]
  0x0000026bad4f35a0 JavaThread "Signal Dispatcher" daemon [_thread_blocked, id=5968, stack(0x000000eb00a00000,0x000000eb00b00000)]
  0x0000026bad4f7070 JavaThread "Attach Listener" daemon [_thread_blocked, id=11268, stack(0x000000eb00b00000,0x000000eb00c00000)]
  0x0000026bad4f7b20 JavaThread "Service Thread" daemon [_thread_blocked, id=6620, stack(0x000000eb00c00000,0x000000eb00d00000)]
=>0x0000026bad4f8900 JavaThread "C2 CompilerThread0" daemon [_thread_in_native, id=6900, stack(0x000000eb00d00000,0x000000eb00e00000)]
  0x0000026bad4fc9a0 JavaThread "C1 CompilerThread0" daemon [_thread_blocked, id=6228, stack(0x000000eb00e00000,0x000000eb00f00000)]
  0x0000026bad5073b0 JavaThread "Sweeper thread" daemon [_thread_blocked, id=5204, stack(0x000000eb00f00000,0x000000eb01000000)]
  0x0000026bad7487f0 JavaThread "Notification Thread" daemon [_thread_blocked, id=13304, stack(0x000000eb01000000,0x000000eb01100000)]
  0x0000026bad75d3c0 JavaThread "Common-Cleaner" daemon [_thread_blocked, id=8104, stack(0x000000eb01200000,0x000000eb01300000)]
  0x0000026bad7ad300 JavaThread "last-ditch-daemon-shutdown-thread-30sec" daemon [_thread_blocked, id=12956, stack(0x000000eb01300000,0x000000eb01400000)]
  0x0000026bad7c58d0 JavaThread "surefire-forkedjvm-command-thread" daemon [_thread_in_native, id=1336, stack(0x000000eb01400000,0x000000eb01500000)]
  0x0000026bae050840 JavaThread "ForkJoinPool.commonPool-worker-3" daemon [_thread_blocked, id=3060, stack(0x000000eb01600000,0x000000eb01700000)]
  0x0000026bae0e37d0 JavaThread "ForkJoinPool.commonPool-worker-5" daemon [_thread_blocked, id=8948, stack(0x000000eb01700000,0x000000eb01800000)]
  0x0000026bae86d400 JavaThread "Exec Default Executor" daemon [_thread_in_native, id=12712, stack(0x000000eb01800000,0x000000eb01900000)]
  0x0000026bae86d8d0 JavaThread "UrlChecker-2" daemon [_thread_blocked, id=7460, stack(0x000000eb01900000,0x000000eb01a00000)]
  0x0000026bae1f8100 JavaThread "Exec Stream Pumper" daemon [_thread_in_native, id=4260, stack(0x000000eb01b00000,0x000000eb01c00000)]
  0x0000026bae86dda0 JavaThread "Exec Stream Pumper" daemon [_thread_in_native, id=936, stack(0x000000eb01c00000,0x000000eb01d00000)]
  0x0000026bae941370 JavaThread "OkHttp ConnectionPool" daemon [_thread_blocked, id=11244, stack(0x000000eb01e00000,0x000000eb01f00000)]
  0x0000026bae942b80 JavaThread "Okio Watchdog" daemon [_thread_blocked, id=11208, stack(0x000000eb01f00000,0x000000eb02000000)]
  0x0000026bae941840 JavaThread "Exec Default Executor" daemon [_thread_in_native, id=9904, stack(0x000000eb02000000,0x000000eb02100000)]
  0x0000026bae943050 JavaThread "Exec Stream Pumper" daemon [_thread_in_native, id=7908, stack(0x000000eb02100000,0x000000eb02200000)]
  0x0000026bae93fb60 JavaThread "Exec Stream Pumper" daemon [_thread_in_native, id=1044, stack(0x000000eb02200000,0x000000eb02300000)]
  0x0000026bae9409d0 JavaThread "Java2D Disposer" daemon [_thread_blocked, id=6652, stack(0x000000eb01d00000,0x000000eb01e00000)]
  0x0000026bae941d10 JavaThread "AWT-Shutdown" [_thread_blocked, id=2560, stack(0x000000eb02300000,0x000000eb02400000)]
  0x0000026bae940ea0 JavaThread "AWT-Windows" daemon [_thread_in_native, id=9172, stack(0x000000eb02400000,0x000000eb02500000)]
  0x0000026bae943520 JavaThread "Image Fetcher 0" daemon [_thread_blocked, id=1540, stack(0x000000eb02500000,0x000000eb02600000)]
  0x0000026bae940030 JavaThread "Thread-0" [_thread_blocked, id=10448, stack(0x000000eb02600000,0x000000eb02700000)]
  0x0000026bae940500 JavaThread "pool-1-thread-1" [_thread_in_native, id=12756, stack(0x000000eb02700000,0x000000eb02800000)]
  0x0000026bae9421e0 JavaThread "pool-2-thread-1" [_thread_blocked, id=3972, stack(0x000000eb02800000,0x000000eb02900000)]

Other Threads:
  0x0000026bad4d4320 VMThread "VM Thread" [stack: 0x000000eb00700000,0x000000eb00800000] [id=6004]
  0x0000026bad75d0b0 WatcherThread [stack: 0x000000eb01100000,0x000000eb01200000] [id=5724]
  0x0000026b911917b0 GCTaskThread "GC Thread#0" [stack: 0x000000eb00200000,0x000000eb00300000] [id=3512]
  0x0000026badbb7810 GCTaskThread "GC Thread#1" [stack: 0x000000eb01500000,0x000000eb01600000] [id=11004]
  0x0000026badbb7b40 GCTaskThread "GC Thread#2" [stack: 0x000000eb02900000,0x000000eb02a00000] [id=8544]
  0x0000026badbb4ea0 GCTaskThread "GC Thread#3" [stack: 0x000000eb02a00000,0x000000eb02b00000] [id=1100]
  0x0000026b9119a500 ConcurrentGCThread "G1 Main Marker" [stack: 0x000000eb00300000,0x000000eb00400000] [id=5004]
  0x0000026b9119b0f0 ConcurrentGCThread "G1 Conc#0" [stack: 0x000000eb00400000,0x000000eb00500000] [id=9860]
  0x0000026b911dbef0 ConcurrentGCThread "G1 Refine#0" [stack: 0x000000eb00500000,0x000000eb00600000] [id=10832]
  0x0000026bae090600 ConcurrentGCThread "G1 Refine#1" [stack: 0x000000eb02b00000,0x000000eb02c00000] [id=7740]
  0x0000026b911dcaf0 ConcurrentGCThread "G1 Young RemSet Sampling" [stack: 0x000000eb00600000,0x000000eb00700000] [id=916]

Threads with active compile tasks:
C2 CompilerThread0     9713 2641   !   4       java.util.zip.InflaterInputStream::read (138 bytes)

VM state: not at safepoint (normal execution)

VM Mutex/Monitor currently owned by a thread: None

Heap address: 0x00000000c2000000, size: 992 MB, Compressed Oops mode: 32-bit
CDS archive(s) mapped at: [0x0000000800000000-0x0000000800b50000-0x0000000800b50000), size 11862016, SharedBaseAddress: 0x0000000800000000, ArchiveRelocationMode: 0.
Compressed class space mapped at: 0x0000000800b50000-0x0000000840b50000, size: 1073741824
Narrow klass base: 0x0000000800000000, Narrow klass shift: 3, Narrow klass range: 0x100000000

GC Precious Log:
 CPUs: 4 total, 4 available
 Memory: 3962M
 Large Page Support: Disabled
 NUMA Support: Disabled
 Compressed Oops: Enabled (32-bit)
 Heap Region Size: 1M
 Heap Min Capacity: 8M
 Heap Initial Capacity: 62M
 Heap Max Capacity: 992M
 Pre-touch: Disabled
 Parallel Workers: 4
 Concurrent Workers: 1
 Concurrent Refinement Workers: 4
 Periodic GC: Disabled

Heap:
 garbage-first heap   total 109568K, used 59699K [0x00000000c2000000, 0x0000000100000000)
  region size 1024K, 12 young (12288K), 1 survivors (1024K)
 Metaspace       used 25357K, capacity 25643K, committed 25856K, reserved 1073152K
  class space    used 2909K, capacity 3019K, committed 3072K, reserved 1048576K

Heap Regions: E=young(eden), S=young(survivor), O=old, HS=humongous(starts), HC=humongous(continues), CS=collection set, F=free, OA=open archive, CA=closed archive, TAMS=top-at-mark-start (previous, next)
|   0|0x00000000c2000000, 0x00000000c2100000, 0x00000000c2100000|100%| O|  |TAMS 0x00000000c2100000, 0x00000000c2000000| Untracked 
|   1|0x00000000c2100000, 0x00000000c2200000, 0x00000000c2200000|100%| O|  |TAMS 0x00000000c2200000, 0x00000000c2100000| Untracked 
|   2|0x00000000c2200000, 0x00000000c2300000, 0x00000000c2300000|100%| O|  |TAMS 0x00000000c2300000, 0x00000000c2200000| Untracked 
|   3|0x00000000c2300000, 0x00000000c2400000, 0x00000000c2400000|100%| O|  |TAMS 0x00000000c2400000, 0x00000000c2300000| Untracked 
|   4|0x00000000c2400000, 0x00000000c2500000, 0x00000000c2500000|100%| O|  |TAMS 0x00000000c2500000, 0x00000000c2400000| Untracked 
|   5|0x00000000c2500000, 0x00000000c2600000, 0x00000000c2600000|100%| O|  |TAMS 0x00000000c2600000, 0x00000000c2500000| Untracked 
|   6|0x00000000c2600000, 0x00000000c2700000, 0x00000000c2700000|100%|HS|  |TAMS 0x00000000c2700000, 0x00000000c2600000| Complete 
|   7|0x00000000c2700000, 0x00000000c2800000, 0x00000000c2800000|100%|HC|  |TAMS 0x00000000c2800000, 0x00000000c2700000| Complete 
|   8|0x00000000c2800000, 0x00000000c2900000, 0x00000000c2900000|100%|HC|  |TAMS 0x00000000c2900000, 0x00000000c2800000| Complete 
|   9|0x00000000c2900000, 0x00000000c2a00000, 0x00000000c2a00000|100%|HC|  |TAMS 0x00000000c2a00000, 0x00000000c2900000| Complete 
|  10|0x00000000c2a00000, 0x00000000c2b00000, 0x00000000c2b00000|100%|HC|  |TAMS 0x00000000c2b00000, 0x00000000c2a00000| Complete 
|  11|0x00000000c2b00000, 0x00000000c2c00000, 0x00000000c2c00000|100%|HS|  |TAMS 0x00000000c2c00000, 0x00000000c2b00000| Complete 
|  12|0x00000000c2c00000, 0x00000000c2d00000, 0x00000000c2d00000|100%|HC|  |TAMS 0x00000000c2d00000, 0x00000000c2c00000| Complete 
|  13|0x00000000c2d00000, 0x00000000c2e00000, 0x00000000c2e00000|100%|HC|  |TAMS 0x00000000c2e00000, 0x00000000c2d00000| Complete 
|  14|0x00000000c2e00000, 0x00000000c2f00000, 0x00000000c2f00000|100%|HC|  |TAMS 0x00000000c2f00000, 0x00000000c2e00000| Complete 
|  15|0x00000000c2f00000, 0x00000000c3000000, 0x00000000c3000000|100%|HC|  |TAMS 0x00000000c3000000, 0x00000000c2f00000| Complete 
|  16|0x00000000c3000000, 0x00000000c3100000, 0x00000000c3100000|100%| O|  |TAMS 0x00000000c3100000, 0x00000000c3000000| Untracked 
|  17|0x00000000c3100000, 0x00000000c3200000, 0x00000000c3200000|100%| O|  |TAMS 0x00000000c3200000, 0x00000000c3100000| Untracked 
|  18|0x00000000c3200000, 0x00000000c3300000, 0x00000000c3300000|100%| O|  |TAMS 0x00000000c3300000, 0x00000000c3200000| Untracked 
|  19|0x00000000c3300000, 0x00000000c3400000, 0x00000000c3400000|100%| O|  |TAMS 0x00000000c3400000, 0x00000000c3300000| Untracked 
|  20|0x00000000c3400000, 0x00000000c3500000, 0x00000000c3500000|100%| O|  |TAMS 0x00000000c3500000, 0x00000000c3400000| Untracked 
|  21|0x00000000c3500000, 0x00000000c3600000, 0x00000000c3600000|100%|HS|  |TAMS 0x00000000c3600000, 0x00000000c3500000| Complete 
|  22|0x00000000c3600000, 0x00000000c3700000, 0x00000000c3700000|100%|HC|  |TAMS 0x00000000c3700000, 0x00000000c3600000| Complete 
|  23|0x00000000c3700000, 0x00000000c3800000, 0x00000000c3800000|100%|HC|  |TAMS 0x00000000c3800000, 0x00000000c3700000| Complete 
|  24|0x00000000c3800000, 0x00000000c3900000, 0x00000000c3900000|100%|HC|  |TAMS 0x00000000c3900000, 0x00000000c3800000| Complete 
|  25|0x00000000c3900000, 0x00000000c3a00000, 0x00000000c3a00000|100%|HC|  |TAMS 0x00000000c3a00000, 0x00000000c3900000| Complete 
|  26|0x00000000c3a00000, 0x00000000c3b00000, 0x00000000c3b00000|100%|HS|  |TAMS 0x00000000c3a00000, 0x00000000c3a00000| Complete 
|  27|0x00000000c3b00000, 0x00000000c3c00000, 0x00000000c3c00000|100%|HC|  |TAMS 0x00000000c3b00000, 0x00000000c3b00000| Complete 
|  28|0x00000000c3c00000, 0x00000000c3d00000, 0x00000000c3d00000|100%|HC|  |TAMS 0x00000000c3c00000, 0x00000000c3c00000| Complete 
|  29|0x00000000c3d00000, 0x00000000c3e00000, 0x00000000c3e00000|100%|HC|  |TAMS 0x00000000c3d00000, 0x00000000c3d00000| Complete 
|  30|0x00000000c3e00000, 0x00000000c3f00000, 0x00000000c3f00000|100%|HC|  |TAMS 0x00000000c3e00000, 0x00000000c3e00000| Complete 
|  31|0x00000000c3f00000, 0x00000000c4000000, 0x00000000c4000000|100%| O|  |TAMS 0x00000000c4000000, 0x00000000c3f00000| Untracked 
|  32|0x00000000c4000000, 0x00000000c4100000, 0x00000000c4100000|100%|HS|  |TAMS 0x00000000c4100000, 0x00000000c4000000| Complete 
|  33|0x00000000c4100000, 0x00000000c4200000, 0x00000000c4200000|100%|HC|  |TAMS 0x00000000c4200000, 0x00000000c4100000| Complete 
|  34|0x00000000c4200000, 0x00000000c4300000, 0x00000000c4300000|100%|HC|  |TAMS 0x00000000c4300000, 0x00000000c4200000| Complete 
|  35|0x00000000c4300000, 0x00000000c4400000, 0x00000000c4400000|100%|HC|  |TAMS 0x00000000c4400000, 0x00000000c4300000| Complete 
|  36|0x00000000c4400000, 0x00000000c4500000, 0x00000000c4500000|100%|HC|  |TAMS 0x00000000c4500000, 0x00000000c4400000| Complete 
|  37|0x00000000c4500000, 0x00000000c456b000, 0x00000000c4600000| 41%| O|  |TAMS 0x00000000c4563400, 0x00000000c4500000| Untracked 
|  38|0x00000000c4600000, 0x00000000c4700000, 0x00000000c4700000|100%|HS|  |TAMS 0x00000000c4700000, 0x00000000c4600000| Complete 
|  39|0x00000000c4700000, 0x00000000c4800000, 0x00000000c4800000|100%|HC|  |TAMS 0x00000000c4800000, 0x00000000c4700000| Complete 
|  40|0x00000000c4800000, 0x00000000c4900000, 0x00000000c4900000|100%|HC|  |TAMS 0x00000000c4900000, 0x00000000c4800000| Complete 
|  41|0x00000000c4900000, 0x00000000c4a00000, 0x00000000c4a00000|100%|HC|  |TAMS 0x00000000c4a00000, 0x00000000c4900000| Complete 
|  42|0x00000000c4a00000, 0x00000000c4b00000, 0x00000000c4b00000|100%|HC|  |TAMS 0x00000000c4b00000, 0x00000000c4a00000| Complete 
|  43|0x00000000c4b00000, 0x00000000c4c00000, 0x00000000c4c00000|100%|HS|  |TAMS 0x00000000c4b00000, 0x00000000c4b00000| Complete 
|  44|0x00000000c4c00000, 0x00000000c4d00000, 0x00000000c4d00000|100%|HC|  |TAMS 0x00000000c4c00000, 0x00000000c4c00000| Complete 
|  45|0x00000000c4d00000, 0x00000000c4e00000, 0x00000000c4e00000|100%|HC|  |TAMS 0x00000000c4d00000, 0x00000000c4d00000| Complete 
|  46|0x00000000c4e00000, 0x00000000c4f00000, 0x00000000c4f00000|100%|HC|  |TAMS 0x00000000c4e00000, 0x00000000c4e00000| Complete 
|  47|0x00000000c4f00000, 0x00000000c5000000, 0x00000000c5000000|100%|HC|  |TAMS 0x00000000c4f00000, 0x00000000c4f00000| Complete 
|  48|0x00000000c5000000, 0x00000000c5000000, 0x00000000c5100000|  0%| F|  |TAMS 0x00000000c5000000, 0x00000000c5000000| Untracked 
|  49|0x00000000c5100000, 0x00000000c5100000, 0x00000000c5200000|  0%| F|  |TAMS 0x00000000c5100000, 0x00000000c5100000| Untracked 
|  50|0x00000000c5200000, 0x00000000c5200000, 0x00000000c5300000|  0%| F|  |TAMS 0x00000000c5200000, 0x00000000c5200000| Untracked 
|  51|0x00000000c5300000, 0x00000000c5300000, 0x00000000c5400000|  0%| F|  |TAMS 0x00000000c5300000, 0x00000000c5300000| Untracked 
|  52|0x00000000c5400000, 0x00000000c5400000, 0x00000000c5500000|  0%| F|  |TAMS 0x00000000c5400000, 0x00000000c5400000| Untracked 
|  53|0x00000000c5500000, 0x00000000c5500000, 0x00000000c5600000|  0%| F|  |TAMS 0x00000000c5500000, 0x00000000c5500000| Untracked 
|  54|0x00000000c5600000, 0x00000000c5600000, 0x00000000c5700000|  0%| F|  |TAMS 0x00000000c5600000, 0x00000000c5600000| Untracked 
|  55|0x00000000c5700000, 0x00000000c5700000, 0x00000000c5800000|  0%| F|  |TAMS 0x00000000c5700000, 0x00000000c5700000| Untracked 
|  56|0x00000000c5800000, 0x00000000c5800000, 0x00000000c5900000|  0%| F|  |TAMS 0x00000000c5800000, 0x00000000c5800000| Untracked 
|  57|0x00000000c5900000, 0x00000000c5900000, 0x00000000c5a00000|  0%| F|  |TAMS 0x00000000c5900000, 0x00000000c5900000| Untracked 
|  58|0x00000000c5a00000, 0x00000000c5a00000, 0x00000000c5b00000|  0%| F|  |TAMS 0x00000000c5a00000, 0x00000000c5a00000| Untracked 
|  59|0x00000000c5b00000, 0x00000000c5b00000, 0x00000000c5c00000|  0%| F|  |TAMS 0x00000000c5b00000, 0x00000000c5b00000| Untracked 
|  60|0x00000000c5c00000, 0x00000000c5c00000, 0x00000000c5d00000|  0%| F|  |TAMS 0x00000000c5c00000, 0x00000000c5c00000| Untracked 
|  61|0x00000000c5d00000, 0x00000000c5d00000, 0x00000000c5e00000|  0%| F|  |TAMS 0x00000000c5d00000, 0x00000000c5d00000| Untracked 
|  62|0x00000000c5e00000, 0x00000000c5e00000, 0x00000000c5f00000|  0%| F|  |TAMS 0x00000000c5e00000, 0x00000000c5e00000| Untracked 
|  63|0x00000000c5f00000, 0x00000000c5f00000, 0x00000000c6000000|  0%| F|  |TAMS 0x00000000c5f00000, 0x00000000c5f00000| Untracked 
|  64|0x00000000c6000000, 0x00000000c6000000, 0x00000000c6100000|  0%| F|  |TAMS 0x00000000c6000000, 0x00000000c6000000| Untracked 
|  65|0x00000000c6100000, 0x00000000c6100000, 0x00000000c6200000|  0%| F|  |TAMS 0x00000000c6100000, 0x00000000c6100000| Untracked 
|  66|0x00000000c6200000, 0x00000000c6200000, 0x00000000c6300000|  0%| F|  |TAMS 0x00000000c6200000, 0x00000000c6200000| Untracked 
|  67|0x00000000c6300000, 0x00000000c6300000, 0x00000000c6400000|  0%| F|  |TAMS 0x00000000c6300000, 0x00000000c6300000| Untracked 
|  68|0x00000000c6400000, 0x00000000c6400000, 0x00000000c6500000|  0%| F|  |TAMS 0x00000000c6400000, 0x00000000c6400000| Untracked 
|  69|0x00000000c6500000, 0x00000000c6500000, 0x00000000c6600000|  0%| F|  |TAMS 0x00000000c6500000, 0x00000000c6500000| Untracked 
|  70|0x00000000c6600000, 0x00000000c6600000, 0x00000000c6700000|  0%| F|  |TAMS 0x00000000c6600000, 0x00000000c6600000| Untracked 
|  71|0x00000000c6700000, 0x00000000c6700000, 0x00000000c6800000|  0%| F|  |TAMS 0x00000000c6700000, 0x00000000c6700000| Untracked 
|  72|0x00000000c6800000, 0x00000000c6800000, 0x00000000c6900000|  0%| F|  |TAMS 0x00000000c6800000, 0x00000000c6800000| Untracked 
|  73|0x00000000c6900000, 0x00000000c69e1ed0, 0x00000000c6a00000| 88%| S|CS|TAMS 0x00000000c6900000, 0x00000000c6900000| Complete 
|  74|0x00000000c6a00000, 0x00000000c6a00000, 0x00000000c6b00000|  0%| F|  |TAMS 0x00000000c6a00000, 0x00000000c6a00000| Untracked 
|  75|0x00000000c6b00000, 0x00000000c6b00000, 0x00000000c6c00000|  0%| F|  |TAMS 0x00000000c6b00000, 0x00000000c6b00000| Untracked 
|  76|0x00000000c6c00000, 0x00000000c6c00000, 0x00000000c6d00000|  0%| F|  |TAMS 0x00000000c6c00000, 0x00000000c6c00000| Untracked 
|  77|0x00000000c6d00000, 0x00000000c6d00000, 0x00000000c6e00000|  0%| F|  |TAMS 0x00000000c6d00000, 0x00000000c6d00000| Untracked 
|  78|0x00000000c6e00000, 0x00000000c6e00000, 0x00000000c6f00000|  0%| F|  |TAMS 0x00000000c6e00000, 0x00000000c6e00000| Untracked 
|  79|0x00000000c6f00000, 0x00000000c6f00000, 0x00000000c7000000|  0%| F|  |TAMS 0x00000000c6f00000, 0x00000000c6f00000| Untracked 
|  80|0x00000000c7000000, 0x00000000c7000000, 0x00000000c7100000|  0%| F|  |TAMS 0x00000000c7000000, 0x00000000c7000000| Untracked 
|  81|0x00000000c7100000, 0x00000000c7100000, 0x00000000c7200000|  0%| F|  |TAMS 0x00000000c7100000, 0x00000000c7100000| Untracked 
|  82|0x00000000c7200000, 0x00000000c7200000, 0x00000000c7300000|  0%| F|  |TAMS 0x00000000c7200000, 0x00000000c7200000| Untracked 
|  83|0x00000000c7300000, 0x00000000c7300000, 0x00000000c7400000|  0%| F|  |TAMS 0x00000000c7300000, 0x00000000c7300000| Untracked 
|  84|0x00000000c7400000, 0x00000000c7400000, 0x00000000c7500000|  0%| F|  |TAMS 0x00000000c7400000, 0x00000000c7400000| Untracked 
|  85|0x00000000c7500000, 0x00000000c7500000, 0x00000000c7600000|  0%| F|  |TAMS 0x00000000c7500000, 0x00000000c7500000| Untracked 
|  86|0x00000000c7600000, 0x00000000c7600000, 0x00000000c7700000|  0%| F|  |TAMS 0x00000000c7600000, 0x00000000c7600000| Untracked 
|  87|0x00000000c7700000, 0x00000000c7700000, 0x00000000c7800000|  0%| F|  |TAMS 0x00000000c7700000, 0x00000000c7700000| Untracked 
|  88|0x00000000c7800000, 0x00000000c7800000, 0x00000000c7900000|  0%| F|  |TAMS 0x00000000c7800000, 0x00000000c7800000| Untracked 
|  89|0x00000000c7900000, 0x00000000c7900000, 0x00000000c7a00000|  0%| F|  |TAMS 0x00000000c7900000, 0x00000000c7900000| Untracked 
|  90|0x00000000c7a00000, 0x00000000c7a00000, 0x00000000c7b00000|  0%| F|  |TAMS 0x00000000c7a00000, 0x00000000c7a00000| Untracked 
|  91|0x00000000c7b00000, 0x00000000c7b00000, 0x00000000c7c00000|  0%| F|  |TAMS 0x00000000c7b00000, 0x00000000c7b00000| Untracked 
|  92|0x00000000c7c00000, 0x00000000c7c00000, 0x00000000c7d00000|  0%| F|  |TAMS 0x00000000c7c00000, 0x00000000c7c00000| Untracked 
|  93|0x00000000c7d00000, 0x00000000c7d00000, 0x00000000c7e00000|  0%| F|  |TAMS 0x00000000c7d00000, 0x00000000c7d00000| Untracked 
|  94|0x00000000c7e00000, 0x00000000c7e00000, 0x00000000c7f00000|  0%| F|  |TAMS 0x00000000c7e00000, 0x00000000c7e00000| Untracked 
|  95|0x00000000c7f00000, 0x00000000c8000000, 0x00000000c8000000|100%| E|  |TAMS 0x00000000c7f00000, 0x00000000c7f00000| Complete 
|  96|0x00000000c8000000, 0x00000000c8100000, 0x00000000c8100000|100%| E|CS|TAMS 0x00000000c8000000, 0x00000000c8000000| Complete 
|  97|0x00000000c8100000, 0x00000000c8200000, 0x00000000c8200000|100%| E|CS|TAMS 0x00000000c8100000, 0x00000000c8100000| Complete 
|  98|0x00000000c8200000, 0x00000000c8300000, 0x00000000c8300000|100%| E|CS|TAMS 0x00000000c8200000, 0x00000000c8200000| Complete 
|  99|0x00000000c8300000, 0x00000000c8400000, 0x00000000c8400000|100%| E|CS|TAMS 0x00000000c8300000, 0x00000000c8300000| Complete 
| 100|0x00000000c8400000, 0x00000000c8500000, 0x00000000c8500000|100%| E|CS|TAMS 0x00000000c8400000, 0x00000000c8400000| Complete 
| 101|0x00000000c8500000, 0x00000000c8600000, 0x00000000c8600000|100%| E|CS|TAMS 0x00000000c8500000, 0x00000000c8500000| Complete 
| 102|0x00000000c8600000, 0x00000000c8700000, 0x00000000c8700000|100%| E|CS|TAMS 0x00000000c8600000, 0x00000000c8600000| Complete 
| 103|0x00000000c8700000, 0x00000000c8800000, 0x00000000c8800000|100%| E|CS|TAMS 0x00000000c8700000, 0x00000000c8700000| Complete 
| 104|0x00000000c8800000, 0x00000000c8900000, 0x00000000c8900000|100%| E|CS|TAMS 0x00000000c8800000, 0x00000000c8800000| Complete 
| 105|0x00000000c8900000, 0x00000000c8a00000, 0x00000000c8a00000|100%| E|CS|TAMS 0x00000000c8900000, 0x00000000c8900000| Complete 
| 106|0x00000000c8a00000, 0x00000000c8b00000, 0x00000000c8b00000|100%| E|CS|TAMS 0x00000000c8a00000, 0x00000000c8a00000| Complete 

Card table byte_map: [0x0000026ba8590000,0x0000026ba8780000] _byte_map_base: 0x0000026ba7f80000

Marking Bits (Prev, Next): (CMBitMap*) 0x0000026b91191fe0, (CMBitMap*) 0x0000026b91191fa0
 Prev Bits: [0x0000026ba98f0000, 0x0000026baa870000)
 Next Bits: [0x0000026ba8970000, 0x0000026ba98f0000)

Polling page: 0x0000026b90940000

Metaspace:

Usage:
  Non-class:     22.09 MB capacity,    21.92 MB (>99%) used,   142.07 KB ( <1%) free+waste,    33.44 KB ( <1%) overhead. 
      Class:      2.95 MB capacity,     2.84 MB ( 96%) used,    96.88 KB (  3%) free+waste,    12.88 KB ( <1%) overhead. 
       Both:     25.04 MB capacity,    24.76 MB ( 99%) used,   238.95 KB ( <1%) free+waste,    46.31 KB ( <1%) overhead. 

Virtual space:
  Non-class space:       24.00 MB reserved,      22.25 MB ( 93%) committed 
      Class space:        1.00 GB reserved,       3.00 MB ( <1%) committed 
             Both:        1.02 GB reserved,      25.25 MB (  2%) committed 

Chunk freelists:
   Non-Class:  32.00 KB
       Class:  21.00 KB
        Both:  53.00 KB

MaxMetaspaceSize: 17179869184.00 GB
CompressedClassSpaceSize: 1.00 GB

CodeHeap 'non-profiled nmethods': size=120000Kb used=1083Kb max_used=1083Kb free=118916Kb
 bounds [0x0000026ba0e70000, 0x0000026ba10e0000, 0x0000026ba83a0000]
CodeHeap 'profiled nmethods': size=120000Kb used=5245Kb max_used=5245Kb free=114754Kb
 bounds [0x0000026b99940000, 0x0000026b99e60000, 0x0000026ba0e70000]
CodeHeap 'non-nmethods': size=5760Kb used=1339Kb max_used=1405Kb free=4420Kb
 bounds [0x0000026b993a0000, 0x0000026b99610000, 0x0000026b99940000]
 total_blobs=3274 nmethods=2626 adapters=560
 compilation: enabled
              stopped_count=0, restarted_count=0
 full_count=0

Compilation events (20 events):
Event: 9.606 Thread 0x0000026bad4fc9a0 2635       3       org.apache.xmlbeans.impl.schema.SchemaTypeSystemImpl$StringPool::stringForCode (22 bytes)
Event: 9.606 Thread 0x0000026bad4fc9a0 nmethod 2635 0x0000026b99e56590 code [0x0000026b99e56740, 0x0000026b99e56a68]
Event: 9.606 Thread 0x0000026bad4fc9a0 2634   !   3       org.apache.xmlbeans.impl.schema.XsbReader::readUnsignedShortOrInt (35 bytes)
Event: 9.607 Thread 0x0000026bad4fc9a0 nmethod 2634 0x0000026b99e56b90 code [0x0000026b99e56d80, 0x0000026b99e57278]
Event: 9.607 Thread 0x0000026bad4fc9a0 2636       1       org.apache.xmlbeans.impl.schema.SchemaTypeSystemImpl::getTypePool (5 bytes)
Event: 9.607 Thread 0x0000026bad4fc9a0 nmethod 2636 0x0000026ba0f7ce90 code [0x0000026ba0f7d020, 0x0000026ba0f7d0d8]
Event: 9.607 Thread 0x0000026bad4fc9a0 2637       3       org.apache.xmlbeans.impl.schema.XsbReader::readHandle (585 bytes)
Event: 9.611 Thread 0x0000026bad4fc9a0 nmethod 2637 0x0000026b99e57510 code [0x0000026b99e57cc0, 0x0000026b99e5c858]
Event: 9.611 Thread 0x0000026bad4fc9a0 2638       3       org.apache.xmlbeans.impl.schema.SchemaTypePool::refForHandle (20 bytes)
Event: 9.612 Thread 0x0000026bad4fc9a0 nmethod 2638 0x0000026b99e5de10 code [0x0000026b99e5dfc0, 0x0000026b99e5e2e8]
Event: 9.612 Thread 0x0000026bad4fc9a0 2639       3       jdk.internal.loader.URLClassPath$FileLoader::findResource (18 bytes)
Event: 9.612 Thread 0x0000026bad4fc9a0 nmethod 2639 0x0000026b99e5e410 code [0x0000026b99e5e5c0, 0x0000026b99e5e818]
Event: 9.612 Thread 0x0000026bad4fc9a0 2640       1       javax.xml.namespace.QName::getNamespaceURI (5 bytes)
Event: 9.612 Thread 0x0000026bad4fc9a0 nmethod 2640 0x0000026ba0f7d190 code [0x0000026ba0f7d320, 0x0000026ba0f7d3d8]
Event: 9.616 Thread 0x0000026bad4f8900 nmethod 2610 0x0000026ba0f7d490 code [0x0000026ba0f7d680, 0x0000026ba0f7e4b0]
Event: 9.616 Thread 0x0000026bad4f8900 2641   !   4       java.util.zip.InflaterInputStream::read (138 bytes)
Event: 9.618 Thread 0x0000026bad4fc9a0 2642       3       java.util.concurrent.locks.AbstractQueuedSynchronizer::signalNext (34 bytes)
Event: 9.618 Thread 0x0000026bad4fc9a0 nmethod 2642 0x0000026b99e5e910 code [0x0000026b99e5eae0, 0x0000026b99e5ed98]
Event: 9.618 Thread 0x0000026bad4fc9a0 2643       3       jdk.internal.misc.Unsafe::putReferenceOpaque (9 bytes)
Event: 9.618 Thread 0x0000026bad4fc9a0 nmethod 2643 0x0000026b99e5ef10 code [0x0000026b99e5f0a0, 0x0000026b99e5f1f8]

GC Heap History (20 events):
Event: 8.892 GC heap before
{Heap before GC invocations=21 (full 0):
 garbage-first heap   total 66560K, used 39430K [0x00000000c2000000, 0x0000000100000000)
  region size 1024K, 3 young (3072K), 1 survivors (1024K)
 Metaspace       used 23779K, capacity 24088K, committed 24448K, reserved 1071104K
  class space    used 2712K, capacity 2822K, committed 2944K, reserved 1048576K
}
Event: 8.893 GC heap after
{Heap after GC invocations=22 (full 0):
 garbage-first heap   total 66560K, used 33340K [0x00000000c2000000, 0x0000000100000000)
  region size 1024K, 1 young (1024K), 1 survivors (1024K)
 Metaspace       used 23779K, capacity 24088K, committed 24448K, reserved 1071104K
  class space    used 2712K, capacity 2822K, committed 2944K, reserved 1048576K
}
Event: 8.991 GC heap before
{Heap before GC invocations=23 (full 0):
 garbage-first heap   total 66560K, used 45628K [0x00000000c2000000, 0x0000000100000000)
  region size 1024K, 4 young (4096K), 1 survivors (1024K)
 Metaspace       used 24227K, capacity 24536K, committed 24704K, reserved 1071104K
  class space    used 2779K, capacity 2886K, committed 2944K, reserved 1048576K
}
Event: 8.992 GC heap after
{Heap after GC invocations=24 (full 0):
 garbage-first heap   total 66560K, used 38546K [0x00000000c2000000, 0x0000000100000000)
  region size 1024K, 1 young (1024K), 1 survivors (1024K)
 Metaspace       used 24227K, capacity 24536K, committed 24704K, reserved 1071104K
  class space    used 2779K, capacity 2886K, committed 2944K, reserved 1048576K
}
Event: 9.088 GC heap before
{Heap before GC invocations=25 (full 0):
 garbage-first heap   total 75776K, used 49810K [0x00000000c2000000, 0x0000000100000000)
  region size 1024K, 3 young (3072K), 1 survivors (1024K)
 Metaspace       used 24636K, capacity 24888K, committed 24960K, reserved 1071104K
  class space    used 2823K, capacity 2918K, committed 2944K, reserved 1048576K
}
Event: 9.089 GC heap after
{Heap after GC invocations=26 (full 0):
 garbage-first heap   total 75776K, used 38629K [0x00000000c2000000, 0x0000000100000000)
  region size 1024K, 1 young (1024K), 1 survivors (1024K)
 Metaspace       used 24636K, capacity 24888K, committed 24960K, reserved 1071104K
  class space    used 2823K, capacity 2918K, committed 2944K, reserved 1048576K
}
Event: 9.155 GC heap before
{Heap before GC invocations=27 (full 0):
 garbage-first heap   total 75776K, used 43749K [0x00000000c2000000, 0x0000000100000000)
  region size 1024K, 2 young (2048K), 1 survivors (1024K)
 Metaspace       used 24757K, capacity 25048K, committed 25344K, reserved 1071104K
  class space    used 2836K, capacity 2950K, committed 3072K, reserved 1048576K
}
Event: 9.156 GC heap after
{Heap after GC invocations=28 (full 0):
 garbage-first heap   total 75776K, used 33508K [0x00000000c2000000, 0x0000000100000000)
  region size 1024K, 1 young (1024K), 1 survivors (1024K)
 Metaspace       used 24757K, capacity 25048K, committed 25344K, reserved 1071104K
  class space    used 2836K, capacity 2950K, committed 3072K, reserved 1048576K
}
Event: 9.222 GC heap before
{Heap before GC invocations=29 (full 0):
 garbage-first heap   total 75776K, used 38628K [0x00000000c2000000, 0x0000000100000000)
  region size 1024K, 2 young (2048K), 1 survivors (1024K)
 Metaspace       used 24763K, capacity 25048K, committed 25344K, reserved 1071104K
  class space    used 2837K, capacity 2950K, committed 3072K, reserved 1048576K
}
Event: 9.224 GC heap after
{Heap after GC invocations=30 (full 0):
 garbage-first heap   total 75776K, used 33506K [0x00000000c2000000, 0x0000000100000000)
  region size 1024K, 1 young (1024K), 1 survivors (1024K)
 Metaspace       used 24763K, capacity 25048K, committed 25344K, reserved 1071104K
  class space    used 2837K, capacity 2950K, committed 3072K, reserved 1048576K
}
Event: 9.289 GC heap before
{Heap before GC invocations=31 (full 0):
 garbage-first heap   total 75776K, used 38626K [0x00000000c2000000, 0x0000000100000000)
  region size 1024K, 2 young (2048K), 1 survivors (1024K)
 Metaspace       used 24870K, capacity 25112K, committed 25344K, reserved 1071104K
  class space    used 2852K, capacity 2950K, committed 3072K, reserved 1048576K
}
Event: 9.291 GC heap after
{Heap after GC invocations=32 (full 0):
 garbage-first heap   total 91136K, used 33527K [0x00000000c2000000, 0x0000000100000000)
  region size 1024K, 1 young (1024K), 1 survivors (1024K)
 Metaspace       used 24870K, capacity 25112K, committed 25344K, reserved 1071104K
  class space    used 2852K, capacity 2950K, committed 3072K, reserved 1048576K
}
Event: 9.406 GC heap before
{Heap before GC invocations=33 (full 0):
 garbage-first heap   total 91136K, used 39671K [0x00000000c2000000, 0x0000000100000000)
  region size 1024K, 3 young (3072K), 1 survivors (1024K)
 Metaspace       used 25071K, capacity 25336K, committed 25600K, reserved 1071104K
  class space    used 2870K, capacity 2982K, committed 3072K, reserved 1048576K
}
Event: 9.408 GC heap after
{Heap after GC invocations=34 (full 0):
 garbage-first heap   total 91136K, used 33557K [0x00000000c2000000, 0x0000000100000000)
  region size 1024K, 1 young (1024K), 1 survivors (1024K)
 Metaspace       used 25071K, capacity 25336K, committed 25600K, reserved 1071104K
  class space    used 2870K, capacity 2982K, committed 3072K, reserved 1048576K
}
Event: 9.491 GC heap before
{Heap before GC invocations=35 (full 0):
 garbage-first heap   total 91136K, used 39701K [0x00000000c2000000, 0x0000000100000000)
  region size 1024K, 3 young (3072K), 1 survivors (1024K)
 Metaspace       used 25156K, capacity 25470K, committed 25600K, reserved 1071104K
  class space    used 2884K, capacity 2983K, committed 3072K, reserved 1048576K
}
Event: 9.493 GC heap after
{Heap after GC invocations=36 (full 0):
 garbage-first heap   total 91136K, used 33721K [0x00000000c2000000, 0x0000000100000000)
  region size 1024K, 1 young (1024K), 1 survivors (1024K)
 Metaspace       used 25156K, capacity 25470K, committed 25600K, reserved 1071104K
  class space    used 2884K, capacity 2983K, committed 3072K, reserved 1048576K
}
Event: 9.545 GC heap before
{Heap before GC invocations=37 (full 0):
 garbage-first heap   total 91136K, used 39865K [0x00000000c2000000, 0x0000000100000000)
  region size 1024K, 3 young (3072K), 1 survivors (1024K)
 Metaspace       used 25275K, capacity 25598K, committed 25856K, reserved 1073152K
  class space    used 2897K, capacity 2983K, committed 3072K, reserved 1048576K
}
Event: 9.547 GC heap after
{Heap after GC invocations=38 (full 0):
 garbage-first heap   total 91136K, used 33760K [0x00000000c2000000, 0x0000000100000000)
  region size 1024K, 1 young (1024K), 1 survivors (1024K)
 Metaspace       used 25275K, capacity 25598K, committed 25856K, reserved 1073152K
  class space    used 2897K, capacity 2983K, committed 3072K, reserved 1048576K
}
Event: 9.646 GC heap before
{Heap before GC invocations=39 (full 0):
 garbage-first heap   total 91136K, used 57312K [0x00000000c2000000, 0x0000000100000000)
  region size 1024K, 15 young (15360K), 1 survivors (1024K)
 Metaspace       used 25357K, capacity 25643K, committed 25856K, reserved 1073152K
  class space    used 2909K, capacity 3019K, committed 3072K, reserved 1048576K
}
Event: 9.648 GC heap after
{Heap after GC invocations=40 (full 0):
 garbage-first heap   total 109568K, used 39219K [0x00000000c2000000, 0x0000000100000000)
  region size 1024K, 1 young (1024K), 1 survivors (1024K)
 Metaspace       used 25357K, capacity 25643K, committed 25856K, reserved 1073152K
  class space    used 2909K, capacity 3019K, committed 3072K, reserved 1048576K
}

Deoptimization events (20 events):
Event: 9.032 Thread 0x0000026bae940500 DEOPT PACKING pc=0x0000026b99dab95e sp=0x000000eb027fee40
Event: 9.032 Thread 0x0000026bae940500 DEOPT UNPACKING pc=0x0000026b993ee23f sp=0x000000eb027fe3a0 mode 0
Event: 9.032 Thread 0x0000026bae940500 DEOPT PACKING pc=0x0000026b99dab95e sp=0x000000eb027fee40
Event: 9.032 Thread 0x0000026bae940500 DEOPT UNPACKING pc=0x0000026b993ee23f sp=0x000000eb027fe3a0 mode 0
Event: 9.073 Thread 0x0000026bae940500 DEOPT PACKING pc=0x0000026b99db01cf sp=0x000000eb027fee90
Event: 9.073 Thread 0x0000026bae940500 DEOPT UNPACKING pc=0x0000026b993ee23f sp=0x000000eb027fe3a0 mode 0
Event: 9.125 Thread 0x0000026bae940500 DEOPT PACKING pc=0x0000026b99db01cf sp=0x000000eb027fee90
Event: 9.125 Thread 0x0000026bae940500 DEOPT UNPACKING pc=0x0000026b993ee23f sp=0x000000eb027fe3a0 mode 0
Event: 9.184 Thread 0x0000026b91162300 DEOPT PACKING pc=0x0000026b99dfc3e8 sp=0x000000eb001f3c40
Event: 9.184 Thread 0x0000026b91162300 DEOPT UNPACKING pc=0x0000026b993ee23f sp=0x000000eb001f3158 mode 0
Event: 9.191 Thread 0x0000026bae940500 DEOPT PACKING pc=0x0000026b99db01cf sp=0x000000eb027fee90
Event: 9.191 Thread 0x0000026bae940500 DEOPT UNPACKING pc=0x0000026b993ee23f sp=0x000000eb027fe3a0 mode 0
Event: 9.275 Thread 0x0000026bae940500 DEOPT PACKING pc=0x0000026b99db01cf sp=0x000000eb027fee90
Event: 9.275 Thread 0x0000026bae940500 DEOPT UNPACKING pc=0x0000026b993ee23f sp=0x000000eb027fe3a0 mode 0
Event: 9.421 Thread 0x0000026b91162300 Uncommon trap: trap_request=0xffffff76 fr.pc=0x0000026ba0efde3c relative=0x0000000000000c1c
Event: 9.421 Thread 0x0000026b91162300 Uncommon trap: reason=predicate action=maybe_recompile pc=0x0000026ba0efde3c method=java.util.Properties$LineReader.readLine()I @ 209 c2
Event: 9.421 Thread 0x0000026b91162300 DEOPT PACKING pc=0x0000026ba0efde3c sp=0x000000eb001f8810
Event: 9.421 Thread 0x0000026b91162300 DEOPT UNPACKING pc=0x0000026b993ee42f sp=0x000000eb001f8790 mode 2
Event: 9.472 Thread 0x0000026b91162300 DEOPT PACKING pc=0x0000026b99e3e97f sp=0x000000eb001fac70
Event: 9.472 Thread 0x0000026b91162300 DEOPT UNPACKING pc=0x0000026b993ee23f sp=0x000000eb001fa0f8 mode 0

Classes unloaded (0 events):
No events

Classes redefined (0 events):
No events

Internal exceptions (20 events):
Event: 2.144 Thread 0x0000026b91162300 Exception <a 'java/lang/NoSuchMethodError'{0x00000000c3fc6418}: 'double java.lang.invoke.DirectMethodHandle$Holder.invokeVirtual(java.lang.Object, java.lang.Object)'> (0x00000000c3fc6418) 
thrown [./open/src/hotspot/share/interpreter/linkResolver.cpp, line 782]
Event: 2.145 Thread 0x0000026b91162300 Exception <a 'java/lang/NoSuchMethodError'{0x00000000c3fccf28}: 'float java.lang.invoke.DirectMethodHandle$Holder.invokeVirtual(java.lang.Object, java.lang.Object)'> (0x00000000c3fccf28) 
thrown [./open/src/hotspot/share/interpreter/linkResolver.cpp, line 782]
Event: 2.146 Thread 0x0000026b91162300 Exception <a 'java/lang/NoSuchMethodError'{0x00000000c3fd6450}: 'long java.lang.invoke.DirectMethodHandle$Holder.invokeVirtual(java.lang.Object, java.lang.Object)'> (0x00000000c3fd6450) 
thrown [./open/src/hotspot/share/interpreter/linkResolver.cpp, line 782]
Event: 2.173 Thread 0x0000026b91162300 Exception <a 'java/lang/NoSuchMethodError'{0x00000000c3d2fa20}: 'void java.lang.invoke.DirectMethodHandle$Holder.invokeSpecial(java.lang.Object, java.lang.Object, java.lang.Object, java.lang.Object, java.lang.Object)'> (0x00000000c3d2fa20) 
thrown [./open/src/hotspot/share/interpreter/linkResolver.cpp, line 782]
Event: 3.795 Thread 0x0000026b91162300 Exception <a 'java/lang/NoSuchMethodError'{0x00000000c577b708}: 'java.lang.Object java.lang.invoke.DirectMethodHandle$Holder.invokeSpecialIFC(java.lang.Object, java.lang.Object, java.lang.Object)'> (0x00000000c577b708) 
thrown [./open/src/hotspot/share/interpreter/linkResolver.cpp, line 782]
Event: 3.830 Thread 0x0000026b91162300 Exception <a 'java/lang/ClassNotFoundException'{0x00000000c5600a40}: sun/util/logging/resources/spi/loggingProvider> (0x00000000c5600a40) 
thrown [./open/src/hotspot/share/classfile/systemDictionary.cpp, line 295]
Event: 5.324 Thread 0x0000026b91162300 Exception <a 'java/net/SocketException'{0x00000000c4ed83c8}: Socket is not connected: shutdown> (0x00000000c4ed83c8) 
thrown [./open/src/hotspot/share/prims/jni.cpp, line 599]
Event: 7.943 Thread 0x0000026b91162300 Exception <a 'java/lang/ClassNotFoundException'{0x00000000c4cded00}: sun/awt/resources/spi/awtProvider> (0x00000000c4cded00) 
thrown [./open/src/hotspot/share/classfile/systemDictionary.cpp, line 295]
Event: 7.970 Thread 0x0000026b91162300 Exception <a 'java/io/FileNotFoundException'{0x00000000c4ce1a58}> (0x00000000c4ce1a58) 
thrown [./open/src/hotspot/share/prims/jni.cpp, line 578]
Event: 7.971 Thread 0x0000026b91162300 Exception <a 'java/io/FileNotFoundException'{0x00000000c4ce3210}> (0x00000000c4ce3210) 
thrown [./open/src/hotspot/share/prims/jni.cpp, line 578]
Event: 8.105 Thread 0x0000026bae943520 Exception <a 'java/lang/NoSuchMethodError'{0x00000000c4a14540}: 'java.lang.Object java.lang.invoke.DirectMethodHandle$Holder.newInvokeSpecial(java.lang.Object, java.lang.Object, java.lang.Object, int, int, int, int, int)'> (0x00000000c4a14540) 
thrown [./open/src/hotspot/share/interpreter/linkResolver.cpp, line 782]
Event: 8.402 Thread 0x0000026b91162300 Exception <a 'java/lang/NoSuchMethodError'{0x00000000c5c2df30}: 'void java.lang.invoke.DirectMethodHandle$Holder.invokeVirtual(java.lang.Object, java.lang.Object, java.lang.Object, java.lang.Object)'> (0x00000000c5c2df30) 
thrown [./open/src/hotspot/share/interpreter/linkResolver.cpp, line 782]
Event: 8.412 Thread 0x0000026b91162300 Exception <a 'java/lang/NoSuchMethodError'{0x00000000c5c6c470}: 'void java.lang.invoke.DirectMethodHandle$Holder.invokeStatic(java.lang.Object, java.lang.Object, java.lang.Object, int)'> (0x00000000c5c6c470) 
thrown [./open/src/hotspot/share/interpreter/linkResolver.cpp, line 782]
Event: 8.413 Thread 0x0000026b91162300 Exception <a 'java/lang/NoSuchMethodError'{0x00000000c5c70060}: 'void java.lang.invoke.DirectMethodHandle$Holder.invokeStaticInit(java.lang.Object, java.lang.Object, java.lang.Object, int)'> (0x00000000c5c70060) 
thrown [./open/src/hotspot/share/interpreter/linkResolver.cpp, line 782]
Event: 8.732 Thread 0x0000026b91162300 Exception <a 'java/lang/NoSuchMethodError'{0x00000000c6049a20}: 'java.lang.Object java.lang.invoke.DirectMethodHandle$Holder.invokeStaticInit(java.lang.Object, java.lang.Object, java.lang.Object)'> (0x00000000c6049a20) 
thrown [./open/src/hotspot/share/interpreter/linkResolver.cpp, line 782]
Event: 8.733 Thread 0x0000026b91162300 Exception <a 'java/lang/NoSuchMethodError'{0x00000000c6050138}: 'java.lang.Object java.lang.invoke.DirectMethodHandle$Holder.invokeStatic(java.lang.Object, java.lang.Object, int, int)'> (0x00000000c6050138) 
thrown [./open/src/hotspot/share/interpreter/linkResolver.cpp, line 782]
Event: 8.733 Thread 0x0000026b91162300 Exception <a 'java/lang/NoSuchMethodError'{0x00000000c6053db8}: 'java.lang.Object java.lang.invoke.DirectMethodHandle$Holder.invokeStaticInit(java.lang.Object, java.lang.Object, int, int)'> (0x00000000c6053db8) 
thrown [./open/src/hotspot/share/interpreter/linkResolver.cpp, line 782]
Event: 9.553 Thread 0x0000026b91162300 Exception <a 'java/lang/NoSuchMethodError'{0x00000000c78114a0}: 'java.lang.Object java.lang.invoke.DirectMethodHandle$Holder.newInvokeSpecial(java.lang.Object, java.lang.Object, int, java.lang.Object)'> (0x00000000c78114a0) 
thrown [./open/src/hotspot/share/interpreter/linkResolver.cpp, line 782]
Event: 9.554 Thread 0x0000026b91162300 Exception <a 'java/lang/NoSuchMethodError'{0x00000000c7815b80}: 'java.lang.Object java.lang.invoke.DirectMethodHandle$Holder.invokeSpecial(java.lang.Object, java.lang.Object, java.lang.Object, int, java.lang.Object)'> (0x00000000c7815b80) 
thrown [./open/src/hotspot/share/interpreter/linkResolver.cpp, line 782]
Event: 9.555 Thread 0x0000026b91162300 Exception <a 'java/lang/NoSuchMethodError'{0x00000000c7819ca0}: 'java.lang.Object java.lang.invoke.Invokers$Holder.linkToTargetMethod(java.lang.Object, int, java.lang.Object, java.lang.Object)'> (0x00000000c7819ca0) 
thrown [./open/src/hotspot/share/interpreter/linkResolver.cpp, line 782]

Events (20 events):
Event: 9.490 loading class jdk/internal/reflect/UnsafeQualifiedStaticFieldAccessorImpl
Event: 9.490 loading class jdk/internal/reflect/UnsafeQualifiedStaticFieldAccessorImpl done
Event: 9.490 loading class jdk/internal/reflect/UnsafeQualifiedStaticObjectFieldAccessorImpl done
Event: 9.493 Executing VM operation: G1TryInitiateConcMark done
Event: 9.526 Executing VM operation: G1Concurrent
Event: 9.528 Executing VM operation: G1Concurrent done
Event: 9.542 Executing VM operation: G1Concurrent
Event: 9.543 Executing VM operation: G1Concurrent done
Event: 9.545 Executing VM operation: G1TryInitiateConcMark
Event: 9.547 Executing VM operation: G1TryInitiateConcMark done
Event: 9.547 Executing VM operation: HandshakeAllThreads
Event: 9.548 Executing VM operation: HandshakeAllThreads done
Event: 9.549 loading class java/io/UTFDataFormatException
Event: 9.551 loading class java/io/UTFDataFormatException done
Event: 9.577 Executing VM operation: G1Concurrent
Event: 9.591 Executing VM operation: G1Concurrent done
Event: 9.603 Executing VM operation: G1Concurrent
Event: 9.604 Executing VM operation: G1Concurrent done
Event: 9.645 Executing VM operation: G1TryInitiateConcMark
Event: 9.650 Executing VM operation: G1TryInitiateConcMark done


Dynamic libraries:
0x00007ff6d5690000 - 0x00007ff6d569f000 	C:\Program Files\Java\jdk-15.0.2\bin\java.exe
0x00007fff86a70000 - 0x00007fff86c67000 	C:\Windows\SYSTEM32\ntdll.dll
0x00007fff84af0000 - 0x00007fff84bad000 	C:\Windows\System32\KERNEL32.DLL
0x00007fff84500000 - 0x00007fff847cd000 	C:\Windows\System32\KERNELBASE.dll
0x00007fff847d0000 - 0x00007fff848d0000 	C:\Windows\System32\ucrtbase.dll
0x00007fff63c70000 - 0x00007fff63c88000 	C:\Program Files\Java\jdk-15.0.2\bin\jli.dll
0x00007fff7dea0000 - 0x00007fff7deb9000 	C:\Program Files\Java\jdk-15.0.2\bin\VCRUNTIME140.dll
0x00007fff868f0000 - 0x00007fff8699e000 	C:\Windows\System32\ADVAPI32.dll
0x00007fff85810000 - 0x00007fff858ae000 	C:\Windows\System32\msvcrt.dll
0x00007fff85db0000 - 0x00007fff85e4c000 	C:\Windows\System32\sechost.dll
0x00007fff84df0000 - 0x00007fff84f15000 	C:\Windows\System32\RPCRT4.dll
0x00007fff84f20000 - 0x00007fff850c0000 	C:\Windows\System32\USER32.dll
0x00007fff72df0000 - 0x00007fff7308a000 	C:\Windows\WinSxS\amd64_microsoft.windows.common-controls_6595b64144ccf1df_6.0.19041.1110_none_60b5254171f9507e\COMCTL32.dll
0x00007fff84aa0000 - 0x00007fff84ac2000 	C:\Windows\System32\win32u.dll
0x00007fff85e80000 - 0x00007fff85eaa000 	C:\Windows\System32\GDI32.dll
0x00007fff84290000 - 0x00007fff8439b000 	C:\Windows\System32\gdi32full.dll
0x00007fff848d0000 - 0x00007fff8496d000 	C:\Windows\System32\msvcp_win.dll
0x00007fff7bec0000 - 0x00007fff7beca000 	C:\Windows\SYSTEM32\VERSION.dll
0x00007fff85e50000 - 0x00007fff85e80000 	C:\Windows\System32\IMM32.DLL
0x00007fff7c5a0000 - 0x00007fff7c5ac000 	C:\Program Files\Java\jdk-15.0.2\bin\vcruntime140_1.dll
0x00007fff4d250000 - 0x00007fff4d2e1000 	C:\Program Files\Java\jdk-15.0.2\bin\msvcp140.dll
0x00007fff1f530000 - 0x00007fff2008e000 	C:\Program Files\Java\jdk-15.0.2\bin\server\jvm.dll
0x00007fff85eb0000 - 0x00007fff85eb8000 	C:\Windows\System32\PSAPI.DLL
0x00007fff7e6e0000 - 0x00007fff7e707000 	C:\Windows\SYSTEM32\WINMM.dll
0x00007fff7e4c0000 - 0x00007fff7e4c9000 	C:\Windows\SYSTEM32\WSOCK32.dll
0x00007fff85d40000 - 0x00007fff85dab000 	C:\Windows\System32\WS2_32.dll
0x00007fff82a10000 - 0x00007fff82a22000 	C:\Windows\SYSTEM32\kernel.appcore.dll
0x00007fff7c530000 - 0x00007fff7c53a000 	C:\Program Files\Java\jdk-15.0.2\bin\jimage.dll
0x00007fff79e80000 - 0x00007fff7a064000 	C:\Windows\SYSTEM32\DBGHELP.DLL
0x00007fff6e290000 - 0x00007fff6e2bc000 	C:\Windows\SYSTEM32\dbgcore.DLL
0x00007fff84200000 - 0x00007fff84282000 	C:\Windows\System32\bcryptPrimitives.dll
0x00007fff63c40000 - 0x00007fff63c65000 	C:\Program Files\Java\jdk-15.0.2\bin\java.dll
0x00007fff850c0000 - 0x00007fff85804000 	C:\Windows\System32\SHELL32.dll
0x00007fff82270000 - 0x00007fff82a04000 	C:\Windows\SYSTEM32\windows.storage.dll
0x00007fff858b0000 - 0x00007fff85c04000 	C:\Windows\System32\combase.dll
0x00007fff83bf0000 - 0x00007fff83c1c000 	C:\Windows\SYSTEM32\Wldp.dll
0x00007fff86640000 - 0x00007fff866ed000 	C:\Windows\System32\SHCORE.dll
0x00007fff86890000 - 0x00007fff868e5000 	C:\Windows\System32\shlwapi.dll
0x00007fff840d0000 - 0x00007fff840ef000 	C:\Windows\SYSTEM32\profapi.dll
0x00007fff63c20000 - 0x00007fff63c39000 	C:\Program Files\Java\jdk-15.0.2\bin\net.dll
0x00007fff743b0000 - 0x00007fff744ba000 	C:\Windows\SYSTEM32\WINHTTP.dll
0x00007fff83950000 - 0x00007fff839ba000 	C:\Windows\system32\mswsock.dll
0x00007fff61bc0000 - 0x00007fff61bd2000 	C:\Program Files\Java\jdk-15.0.2\bin\nio.dll
0x00007fff619a0000 - 0x00007fff619b8000 	C:\Program Files\Java\jdk-15.0.2\bin\zip.dll
0x00007fff71f70000 - 0x00007fff71f80000 	C:\Program Files\Java\jdk-15.0.2\bin\verify.dll
0x00007fff83b50000 - 0x00007fff83b68000 	C:\Windows\SYSTEM32\CRYPTSP.dll
0x00007fff83260000 - 0x00007fff83294000 	C:\Windows\system32\rsaenh.dll
0x00007fff84a70000 - 0x00007fff84a97000 	C:\Windows\System32\bcrypt.dll
0x00007fff84090000 - 0x00007fff840be000 	C:\Windows\SYSTEM32\USERENV.dll
0x00007fff83b40000 - 0x00007fff83b4c000 	C:\Windows\SYSTEM32\CRYPTBASE.dll
0x00007fff835f0000 - 0x00007fff8362b000 	C:\Windows\SYSTEM32\IPHLPAPI.DLL
0x00007fff86480000 - 0x00007fff86488000 	C:\Windows\System32\NSI.dll
0x00007fff7bf30000 - 0x00007fff7bf47000 	C:\Windows\SYSTEM32\dhcpcsvc6.DLL
0x00007fff7c040000 - 0x00007fff7c05d000 	C:\Windows\SYSTEM32\dhcpcsvc.DLL
0x00007fff83640000 - 0x00007fff8370b000 	C:\Windows\SYSTEM32\DNSAPI.dll
0x00007fff5d000000 - 0x00007fff5d00d000 	C:\Program Files\Java\jdk-15.0.2\bin\sunmscapi.dll
0x00007fff843a0000 - 0x00007fff844f6000 	C:\Windows\System32\CRYPT32.dll
0x00007fff83c60000 - 0x00007fff83c87000 	C:\Windows\SYSTEM32\ncrypt.dll
0x00007fff83c20000 - 0x00007fff83c5b000 	C:\Windows\SYSTEM32\NTASN1.dll
0x00007fff737a0000 - 0x00007fff73820000 	C:\Windows\System32\fwpuclnt.dll
0x00007fff73510000 - 0x00007fff7351a000 	C:\Windows\System32\rasadhlp.dll
0x00007fff40460000 - 0x00007fff405e0000 	C:\Program Files\Java\jdk-15.0.2\bin\awt.dll
0x00007fff85c10000 - 0x00007fff85cdd000 	C:\Windows\System32\OLEAUT32.dll
0x00007fff813a0000 - 0x00007fff81430000 	C:\Windows\SYSTEM32\apphelp.dll
0x00007fff81530000 - 0x00007fff815ce000 	C:\Windows\system32\uxtheme.dll
0x00007fff86770000 - 0x00007fff86885000 	C:\Windows\System32\MSCTF.dll
0x00007fff84bb0000 - 0x00007fff84cda000 	C:\Windows\System32\ole32.dll
0x00007fff81920000 - 0x00007fff8194f000 	C:\Windows\system32\DWMAPI.DLL
0x00007fff70540000 - 0x00007fff70666000 	C:\Windows\system32\opengl32.dll
0x00007fff70380000 - 0x00007fff703ac000 	C:\Windows\SYSTEM32\GLU32.dll

dbghelp: loaded successfully - version: 4.0.5 - missing functions: none
symbol engine: initialized successfully - sym options: 0x614 - pdb path: .;C:\Program Files\Java\jdk-15.0.2\bin;C:\Windows\SYSTEM32;C:\Windows\WinSxS\amd64_microsoft.windows.common-controls_6595b64144ccf1df_6.0.19041.1110_none_60b5254171f9507e;C:\Program Files\Java\jdk-15.0.2\bin\server

VM Arguments:
jvm_args: -Djava.net.preferIPv4Stack=true 
java_command: D:\AutomationTest\Selenium\demo_selenium\target\surefire\surefirebooter10093393345765671992.jar D:\AutomationTest\Selenium\demo_selenium\target\surefire\surefire7200628087496035330tmp D:\AutomationTest\Selenium\demo_selenium\target\surefire\surefire_07098612859715341693tmp
java_class_path (initial): D:\AutomationTest\Selenium\demo_selenium\target\surefire\surefirebooter10093393345765671992.jar
Launcher Type: SUN_STANDARD

[Global flags]
     intx CICompilerCount                          = 3                                         {product} {ergonomic}
     uint ConcGCThreads                            = 1                                         {product} {ergonomic}
     uint G1ConcRefinementThreads                  = 4                                         {product} {ergonomic}
   size_t G1HeapRegionSize                         = 1048576                                   {product} {ergonomic}
    uintx GCDrainStackTargetSize                   = 64                                        {product} {ergonomic}
   size_t InitialHeapSize                          = 65011712                                  {product} {ergonomic}
   size_t MarkStackSize                            = 4194304                                   {product} {ergonomic}
   size_t MaxHeapSize                              = 1040187392                                {product} {ergonomic}
   size_t MaxNewSize                               = 623902720                                 {product} {ergonomic}
   size_t MinHeapDeltaBytes                        = 1048576                                   {product} {ergonomic}
   size_t MinHeapSize                              = 8388608                                   {product} {ergonomic}
    uintx NonNMethodCodeHeapSize                   = 5832780                                {pd product} {ergonomic}
    uintx NonProfiledCodeHeapSize                  = 122912730                              {pd product} {ergonomic}
    uintx ProfiledCodeHeapSize                     = 122912730                              {pd product} {ergonomic}
    uintx ReservedCodeCacheSize                    = 251658240                              {pd product} {ergonomic}
     bool SegmentedCodeCache                       = true                                      {product} {ergonomic}
   size_t SoftMaxHeapSize                          = 1040187392                             {manageable} {ergonomic}
     bool UseCompressedClassPointers               = true                                 {lp64_product} {ergonomic}
     bool UseCompressedOops                        = true                                 {lp64_product} {ergonomic}
     bool UseG1GC                                  = true                                      {product} {ergonomic}
     bool UseLargePagesIndividualAllocation        = false                                  {pd product} {ergonomic}

Logging:
Log output configuration:
 #0: stdout all=warning uptime,level,tags
 #1: stderr all=off uptime,level,tags

Environment Variables:
JAVA_HOME=C:\Program Files\Java\jdk-15.0.2
_JAVA_OPTIONS=-Djava.net.preferIPv4Stack=true
PATH=C:\Program Files\Common Files\Oracle\Java\javapath;C:\Windows\system32;C:\Windows;C:\Windows\System32\Wbem;C:\Windows\System32\WindowsPowerShell\v1.0\;C:\Windows\System32\OpenSSH\;C:\ProgramData\chocolatey\bin;C:\Program Files\OpenJDK\openjdk-8u272-b10\bin;C:\Program Files\nodejs\;C:\Program Files\Git\cmd;%M2_HOME%\bin;%JAVA_HOME%\bin;C:\tool\Selenium_java\Setup\apache-maven-3.6.3\bin;C:\Program Files\TortoiseGit\bin;C:\Users\Admin\AppData\Local\Microsoft\WindowsApps;;C:\Users\Admin\AppData\Roaming\npm
USERNAME=Admin
OS=Windows_NT
PROCESSOR_IDENTIFIER=Intel64 Family 6 Model 142 Stepping 9, GenuineIntel



---------------  S Y S T E M  ---------------

OS:
 Windows 10 , 64 bit Build 19041 (10.0.19041.1741)
OS uptime: 1 days 8:38 hours

CPU: total 4 (initial active 4) (2 cores per cpu, 2 threads per core) family 6 model 142 stepping 9 microcode 0xb4, cmov, cx8, fxsr, mmx, sse, sse2, sse3, ssse3, sse4.1, sse4.2, popcnt, vzeroupper, avx, avx2, aes, clmul, erms, 3dnowpref, lzcnt, ht, tsc, tscinvbit, bmi1, bmi2, adx, fma, clflush, clflushopt

Memory: 4k page, system-wide physical 3962M (135M free)
TotalPageFile size 8058M (AvailPageFile size 5M)
current process WorkingSet (physical memory assigned to process): 200M, peak: 202M
current process commit charge ("private bytes"): 242M, peak: 242M

vm_info: Java HotSpot(TM) 64-Bit Server VM (15.0.2+7-27) for windows-amd64 JRE (15.0.2+7-27), built on Dec  7 2020 20:07:01 by "mach5one" with unknown MS VC++:1925

END.
